<?xml version="1.0" encoding="UTF-8"?>
<!-- Generated by org.testng.reporters.JUnitReportReporter -->
<testsuite hostname="W-PF3Y0E9X" failures="0" tests="1" name="demoTest.FirstTest" time="0.009" errors="0" timestamp="2023-02-18T09:37:25 IST" skipped="0">
  <testcase classname="demoTest.FirstTest" name="test1" time="0.009"/>
  <system-out/>
</testsuite> <!-- demoTest.FirstTest -->
