<?xml version="1.0" encoding="UTF-8"?>
<!-- Generated by org.testng.reporters.JUnitReportReporter -->
<testsuite hostname="W-PF3Y0E9X" failures="0" tests="1" name="demoTest.MockTest" time="9.669" errors="0" timestamp="2023-02-19T12:27:09 IST" skipped="0">
  <testcase classname="demoTest.MockTest" name="phoneNumbersTest" time="9.669"/>
  <system-out/>
</testsuite> <!-- demoTest.MockTest -->
