<?xml version="1.0" encoding="UTF-8"?>
<!-- Generated by org.testng.reporters.JUnitReportReporter -->
<testsuite hostname="W-PF3Y0E9X" failures="0" tests="7" name="bookerapi.CreateBookingTest" time="28.232" errors="0" timestamp="2023-02-19T11:49:38 IST" skipped="5">
  <testcase classname="bookerapi.CreateBookingTest" name="createBookingTestPojo" time="20.603"/>
  <system-out/>
  <testcase classname="bookerapi.CreateBookingTest" name="partialUpdateBookingIdTest" time="7.629"/>
  <system-out/>
  <testcase classname="bookerapi.CreateBookingTest" name="getBookingIdDeserializedTest">
    <skipped/>
  </testcase> <!-- getBookingIdDeserializedTest -->
  <system-out/>
  <testcase classname="bookerapi.CreateBookingTest" name="getAllBookingTest">
    <skipped/>
  </testcase> <!-- getAllBookingTest -->
  <system-out/>
  <testcase classname="bookerapi.CreateBookingTest" name="getBookingIdTest">
    <skipped/>
  </testcase> <!-- getBookingIdTest -->
  <system-out/>
  <testcase classname="bookerapi.CreateBookingTest" name="createBookingTest">
    <skipped/>
  </testcase> <!-- createBookingTest -->
  <system-out/>
  <testcase classname="bookerapi.CreateBookingTest" name="updateBookingIdTest">
    <skipped/>
  </testcase> <!-- updateBookingIdTest -->
  <system-out/>
</testsuite> <!-- bookerapi.CreateBookingTest -->
